<?xml version="1.0" encoding="UTF-8"?>
<testng-results total="0" passed="0" failed="0" skipped="0">
  <reporter-output>
  </reporter-output>
  <suite started-at="2018-02-20T08:01:19Z" name="example suite 1" finished-at="2018-02-20T08:01:19Z" duration-ms="6">
    <groups>
    </groups>
    <test started-at="2018-02-20T08:01:19Z" name="Regression suite 1" finished-at="2018-02-20T08:01:19Z" duration-ms="6">
    </test> <!-- Regression suite 1 -->
  </suite> <!-- example suite 1 -->
</testng-results>
