<?xml version="1.0" encoding="UTF-8"?>
<testng-results total="1" passed="1" failed="0" skipped="0">
  <reporter-output>
  </reporter-output>
  <suite started-at="2018-02-16T05:10:40Z" name="Surefire suite" finished-at="2018-02-16T05:10:40Z" duration-ms="26">
    <groups>
    </groups>
    <test started-at="2018-02-16T05:10:40Z" name="Surefire test" finished-at="2018-02-16T05:10:40Z" duration-ms="26">
      <class name="com.mycomapny.rough.Yahoo1Test">
        <test-method signature="letstest()[pri:0, instance:com.mycomapny.rough.Yahoo1Test@18ce0030]" started-at="2018-02-15T21:10:40Z" name="letstest" finished-at="2018-02-15T21:10:40Z" duration-ms="13" status="PASS">
          <reporter-output>
          </reporter-output>
        </test-method> <!-- letstest -->
      </class> <!-- com.mycomapny.rough.Yahoo1Test -->
    </test> <!-- Surefire test -->
  </suite> <!-- Surefire suite -->
</testng-results>
