<?xml version="1.0" encoding="UTF-8"?>
<testng-results skipped="0" failed="0" ignored="0" total="1" passed="1">
  <reporter-output>
  </reporter-output>
  <suite name="example suite 1" duration-ms="12386" started-at="2018-02-20T07:29:16Z" finished-at="2018-02-20T07:29:28Z">
    <groups>
    </groups>
    <test name="Regression suite 1" duration-ms="12386" started-at="2018-02-20T07:29:16Z" finished-at="2018-02-20T07:29:28Z">
      <class name="com.mycomapny.testModule.MlCalLoanTest">
        <test-method status="PASS" signature="beforemethod()[pri:0, instance:com.mycomapny.testModule.MlCalLoanTest@6a41eaa2]" name="beforemethod" is-config="true" duration-ms="10983" started-at="2018-02-19T23:29:16Z" finished-at="2018-02-19T23:29:27Z">
          <reporter-output>
          </reporter-output>
        </test-method> <!-- beforemethod -->
        <test-method status="PASS" signature="testMortgage()[pri:0, instance:com.mycomapny.testModule.MlCalLoanTest@6a41eaa2]" name="testMortgage" duration-ms="1373" started-at="2018-02-19T23:29:27Z" finished-at="2018-02-19T23:29:28Z">
          <reporter-output>
          </reporter-output>
        </test-method> <!-- testMortgage -->
        <test-method status="PASS" signature="afterMethod()[pri:0, instance:com.mycomapny.testModule.MlCalLoanTest@6a41eaa2]" name="afterMethod" is-config="true" duration-ms="0" started-at="2018-02-19T23:29:28Z" finished-at="2018-02-19T23:29:28Z">
          <reporter-output>
          </reporter-output>
        </test-method> <!-- afterMethod -->
      </class> <!-- com.mycomapny.testModule.MlCalLoanTest -->
    </test> <!-- Regression suite 1 -->
  </suite> <!-- example suite 1 -->
</testng-results>
