<?xml version="1.0" encoding="UTF-8"?>
<testng-results skipped="0" failed="0" ignored="0" total="1" passed="1">
  <reporter-output>
  </reporter-output>
  <suite name="Default suite" duration-ms="13460" started-at="2018-02-18T09:46:22Z" finished-at="2018-02-18T09:46:36Z">
    <groups>
    </groups>
    <test name="Default test" duration-ms="13460" started-at="2018-02-18T09:46:22Z" finished-at="2018-02-18T09:46:36Z">
      <class name="com.mycomapny.testModule.MlCalLoanTest">
        <test-method status="PASS" signature="beforemethod()[pri:0, instance:com.mycomapny.testModule.MlCalLoanTest@d8355a8]" name="beforemethod" is-config="true" duration-ms="10727" started-at="2018-02-18T01:46:22Z" finished-at="2018-02-18T01:46:33Z">
          <reporter-output>
          </reporter-output>
        </test-method> <!-- beforemethod -->
        <test-method status="PASS" signature="testMortgage()[pri:0, instance:com.mycomapny.testModule.MlCalLoanTest@d8355a8]" name="testMortgage" duration-ms="2696" started-at="2018-02-18T01:46:33Z" finished-at="2018-02-18T01:46:36Z">
          <reporter-output>
          </reporter-output>
        </test-method> <!-- testMortgage -->
        <test-method status="PASS" signature="afterMethod()[pri:0, instance:com.mycomapny.testModule.MlCalLoanTest@d8355a8]" name="afterMethod" is-config="true" duration-ms="0" started-at="2018-02-18T01:46:36Z" finished-at="2018-02-18T01:46:36Z">
          <reporter-output>
          </reporter-output>
        </test-method> <!-- afterMethod -->
      </class> <!-- com.mycomapny.testModule.MlCalLoanTest -->
    </test> <!-- Default test -->
  </suite> <!-- Default suite -->
</testng-results>
